Release 13.4 - xst O.87xd (nt)
Copyright (c) 1995-2011 Xilinx, Inc.  All rights reserved.
--> Parameter TMPDIR set to xst/projnav.tmp


Total REAL time to Xst completion: 0.00 secs
Total CPU time to Xst completion: 0.15 secs
 
--> Parameter xsthdpdir set to xst


Total REAL time to Xst completion: 0.00 secs
Total CPU time to Xst completion: 0.15 secs
 
--> Reading design: a_alu.prj

TABLE OF CONTENTS
  1) Synthesis Options Summary
  2) HDL Parsing
  3) HDL Elaboration
  4) HDL Synthesis
       4.1) HDL Synthesis Report
  5) Advanced HDL Synthesis
       5.1) Advanced HDL Synthesis Report
  6) Low Level Synthesis
  7) Partition Report
  8) Design Summary
       8.1) Primitive and Black Box Usage
       8.2) Device utilization summary
       8.3) Partition Resource Summary
       8.4) Timing Report
            8.4.1) Clock Information
            8.4.2) Asynchronous Control Signals Information
            8.4.3) Timing Summary
            8.4.4) Timing Details
            8.4.5) Cross Clock Domains Report


=========================================================================
*                      Synthesis Options Summary                        *
=========================================================================
---- Source Parameters
Input File Name                    : "a_alu.prj"
Ignore Synthesis Constraint File   : NO

---- Target Parameters
Output File Name                   : "a_alu"
Output Format                      : NGC
Target Device                      : xc6slx16-3-csg324

---- Source Options
Top Module Name                    : a_alu
Automatic FSM Extraction           : YES
FSM Encoding Algorithm             : Auto
Safe Implementation                : No
FSM Style                          : LUT
RAM Extraction                     : Yes
RAM Style                          : Auto
ROM Extraction                     : Yes
Shift Register Extraction          : YES
ROM Style                          : Auto
Resource Sharing                   : YES
Asynchronous To Synchronous        : NO
Shift Register Minimum Size        : 2
Use DSP Block                      : Auto
Automatic Register Balancing       : No

---- Target Options
LUT Combining                      : Auto
Reduce Control Sets                : Auto
Add IO Buffers                     : YES
Global Maximum Fanout              : 100000
Add Generic Clock Buffer(BUFG)     : 16
Register Duplication               : YES
Optimize Instantiated Primitives   : NO
Use Clock Enable                   : Auto
Use Synchronous Set                : Auto
Use Synchronous Reset              : Auto
Pack IO Registers into IOBs        : Auto
Equivalent register Removal        : YES

---- General Options
Optimization Goal                  : Speed
Optimization Effort                : 1
Power Reduction                    : NO
Keep Hierarchy                     : No
Netlist Hierarchy                  : As_Optimized
RTL Output                         : Yes
Global Optimization                : AllClockNets
Read Cores                         : YES
Write Timing Constraints           : NO
Cross Clock Analysis               : NO
Hierarchy Separator                : /
Bus Delimiter                      : <>
Case Specifier                     : Maintain
Slice Utilization Ratio            : 100
BRAM Utilization Ratio             : 100
DSP48 Utilization Ratio            : 100
Auto BRAM Packing                  : NO
Slice Utilization Ratio Delta      : 5

=========================================================================

INFO:Xst - Part-select index evaluated to out of bound value may lead to incorrect synthesis results; it is recommended not to use them in RTL

=========================================================================
*                          HDL Parsing                                  *
=========================================================================
Analyzing Verilog file "F:\ise project\alu\alu.v" into library work
Parsing module <a_alu>.
ERROR:HDLCompiler:44 - "F:\ise project\alu\alu.v" Line 12: Card is not a constant
ERROR:HDLCompiler:329 - "F:\ise project\alu\alu.v" Line 14: Target <F> of concurrent assignment or output port connection should be a net type.
ERROR:HDLCompiler:44 - "F:\ise project\alu\alu.v" Line 15: A is not a constant
ERROR:HDLCompiler:329 - "F:\ise project\alu\alu.v" Line 16: Target <Cout> of concurrent assignment or output port connection should be a net type.
ERROR:HDLCompiler:329 - "F:\ise project\alu\alu.v" Line 18: Target <Cout> of concurrent assignment or output port connection should be a net type.
ERROR:HDLCompiler:44 - "F:\ise project\alu\alu.v" Line 19: F is not a constant
ERROR:HDLCompiler:329 - "F:\ise project\alu\alu.v" Line 20: Target <Zero> of concurrent assignment or output port connection should be a net type.
ERROR:HDLCompiler:329 - "F:\ise project\alu\alu.v" Line 22: Target <Zero> of concurrent assignment or output port connection should be a net type.
ERROR:HDLCompiler:329 - "F:\ise project\alu\alu.v" Line 25: Target <F> of concurrent assignment or output port connection should be a net type.
ERROR:HDLCompiler:44 - "F:\ise project\alu\alu.v" Line 26: F is not a constant
ERROR:HDLCompiler:329 - "F:\ise project\alu\alu.v" Line 27: Target <Zero> of concurrent assignment or output port connection should be a net type.
ERROR:HDLCompiler:329 - "F:\ise project\alu\alu.v" Line 29: Target <Zero> of concurrent assignment or output port connection should be a net type.
ERROR:HDLCompiler:329 - "F:\ise project\alu\alu.v" Line 32: Target <F> of concurrent assignment or output port connection should be a net type.
ERROR:HDLCompiler:44 - "F:\ise project\alu\alu.v" Line 33: A is not a constant
ERROR:HDLCompiler:329 - "F:\ise project\alu\alu.v" Line 34: Target <Cout> of concurrent assignment or output port connection should be a net type.
ERROR:HDLCompiler:329 - "F:\ise project\alu\alu.v" Line 36: Target <Cout> of concurrent assignment or output port connection should be a net type.
ERROR:HDLCompiler:44 - "F:\ise project\alu\alu.v" Line 37: F is not a constant
ERROR:HDLCompiler:329 - "F:\ise project\alu\alu.v" Line 38: Target <Zero> of concurrent assignment or output port connection should be a net type.
ERROR:HDLCompiler:329 - "F:\ise project\alu\alu.v" Line 40: Target <Zero> of concurrent assignment or output port connection should be a net type.
Sorry, too many errors..
--> 

Total memory usage is 225280 kilobytes

Number of errors   :   19 (   0 filtered)
Number of warnings :    0 (   0 filtered)
Number of infos    :    1 (   0 filtered)

